# JRE version: Java(TM) SE Runtime Environment (21.0.1+12) (build 21.0.1+12-LTS-29)
# Java VM: Java HotSpot(TM) 64-Bit Server VM (21.0.1+12-LTS-29, mixed mode, emulated-client, sharing, tiered, compressed oops, compressed class ptrs, g1 gc, windows-amd64)
GC Precious Log:
 CardTable entry size: 512
 Card Set container configuration: InlinePtr #cards 4 size 8 Array Of Cards #cards 16 size 48 Howl #buckets 8 coarsen threshold 3686 Howl Bitmap #cards 512 size 80 coarsen threshold 460 Card regions per heap region 1 cards per card region 4096
 CPUs: 12 total, 12 available
 Memory: 16215M
 Large Page Support: Disabled
 NUMA Support: Disabled
 Compressed Oops: Enabled (Zero based)
 Heap Region Size: 2M
 Heap Min Capacity: 8M
 Heap Initial Capacity: 254M
 Heap Max Capacity: 4054M
 Pre-touch: Disabled
 Parallel Workers: 10
 Concurrent Workers: 3
 Concurrent Refinement Workers: 10
 Periodic GC: Disabled
Heap:
 garbage-first heap   total 98304K, used 57052K [0x0000000702a00000, 0x0000000800000000)
  region size 2048K, 10 young (20480K), 2 survivors (4096K)
 Metaspace       used 75864K, committed 76608K, reserved 1179648K
  class space    used 10776K, committed 11136K, reserved 1048576K
GC Heap History (20 events):
Event: 273.441 GC heap after
{Heap after GC invocations=29 (full 2):
 garbage-first heap   total 98304K, used 44188K [0x0000000702a00000, 0x0000000800000000)
  region size 2048K, 2 young (4096K), 2 survivors (4096K)
 Metaspace       used 74430K, committed 75200K, reserved 1114112K
  class space    used 10666K, committed 11008K, reserved 1048576K
}
Event: 273.670 GC heap before
{Heap before GC invocations=29 (full 2):
 garbage-first heap   total 98304K, used 85148K [0x0000000702a00000, 0x0000000800000000)
  region size 2048K, 22 young (45056K), 2 survivors (4096K)
 Metaspace       used 74536K, committed 75264K, reserved 1114112K
  class space    used 10678K, committed 11008K, reserved 1048576K
}
Event: 273.673 GC heap after
{Heap after GC invocations=30 (full 2):
 garbage-first heap   total 98304K, used 47476K [0x0000000702a00000, 0x0000000800000000)
  region size 2048K, 3 young (6144K), 3 survivors (6144K)
 Metaspace       used 74536K, committed 75264K, reserved 1114112K
  class space    used 10678K, committed 11008K, reserved 1048576K
}
Event: 286.395 GC heap before
{Heap before GC invocations=31 (full 2):
 garbage-first heap   total 98304K, used 63860K [0x0000000702a00000, 0x0000000800000000)
  region size 2048K, 12 young (24576K), 3 survivors (6144K)
 Metaspace       used 74714K, committed 75456K, reserved 1114112K
  class space    used 10685K, committed 11008K, reserved 1048576K
}
Event: 286.440 GC heap after
{Heap after GC invocations=32 (full 3):
 garbage-first heap   total 98304K, used 28964K [0x0000000702a00000, 0x0000000800000000)
  region size 2048K, 0 young (0K), 0 survivors (0K)
 Metaspace       used 74650K, committed 75456K, reserved 1114112K
  class space    used 10669K, committed 11008K, reserved 1048576K
}
Event: 286.780 GC heap before
{Heap before GC invocations=32 (full 3):
 garbage-first heap   total 98304K, used 82212K [0x0000000702a00000, 0x0000000800000000)
  region size 2048K, 26 young (53248K), 0 survivors (0K)
 Metaspace       used 74763K, committed 75456K, reserved 1114112K
  class space    used 10686K, committed 11008K, reserved 1048576K
}
Event: 286.782 GC heap after
{Heap after GC invocations=33 (full 3):
 garbage-first heap   total 98304K, used 33344K [0x0000000702a00000, 0x0000000800000000)
  region size 2048K, 3 young (6144K), 3 survivors (6144K)
 Metaspace       used 74763K, committed 75456K, reserved 1114112K
  class space    used 10686K, committed 11008K, reserved 1048576K
}
Event: 316.117 GC heap before
{Heap before GC invocations=33 (full 3):
 garbage-first heap   total 98304K, used 80448K [0x0000000702a00000, 0x0000000800000000)
  region size 2048K, 26 young (53248K), 3 survivors (6144K)
 Metaspace       used 74973K, committed 75712K, reserved 1114112K
  class space    used 10703K, committed 11072K, reserved 1048576K
}
Event: 316.120 GC heap after
{Heap after GC invocations=34 (full 3):
 garbage-first heap   total 98304K, used 34314K [0x0000000702a00000, 0x0000000800000000)
  region size 2048K, 3 young (6144K), 3 survivors (6144K)
 Metaspace       used 74973K, committed 75712K, reserved 1114112K
  class space    used 10703K, committed 11072K, reserved 1048576K
}
Event: 316.458 GC heap before
{Heap before GC invocations=34 (full 3):
 garbage-first heap   total 98304K, used 79370K [0x0000000702a00000, 0x0000000800000000)
  region size 2048K, 26 young (53248K), 3 survivors (6144K)
 Metaspace       used 75083K, committed 75840K, reserved 1114112K
  class space    used 10723K, committed 11072K, reserved 1048576K
}
Event: 316.462 GC heap after
{Heap after GC invocations=35 (full 3):
 garbage-first heap   total 98304K, used 37583K [0x0000000702a00000, 0x0000000800000000)
  region size 2048K, 3 young (6144K), 3 survivors (6144K)
 Metaspace       used 75083K, committed 75840K, reserved 1114112K
  class space    used 10723K, committed 11072K, reserved 1048576K
}
Event: 324.350 GC heap before
{Heap before GC invocations=35 (full 3):
 garbage-first heap   total 98304K, used 78543K [0x0000000702a00000, 0x0000000800000000)
  region size 2048K, 24 young (49152K), 3 survivors (6144K)
 Metaspace       used 75282K, committed 76032K, reserved 1114112K
  class space    used 10736K, committed 11072K, reserved 1048576K
}
Event: 324.354 GC heap after
{Heap after GC invocations=36 (full 3):
 garbage-first heap   total 98304K, used 38135K [0x0000000702a00000, 0x0000000800000000)
  region size 2048K, 2 young (4096K), 2 survivors (4096K)
 Metaspace       used 75282K, committed 76032K, reserved 1114112K
  class space    used 10736K, committed 11072K, reserved 1048576K
}
Event: 325.575 GC heap before
{Heap before GC invocations=37 (full 3):
 garbage-first heap   total 98304K, used 81143K [0x0000000702a00000, 0x0000000800000000)
  region size 2048K, 23 young (47104K), 2 survivors (4096K)
 Metaspace       used 75321K, committed 76032K, reserved 1114112K
  class space    used 10733K, committed 11072K, reserved 1048576K
}
Event: 325.581 GC heap after
{Heap after GC invocations=38 (full 3):
 garbage-first heap   total 98304K, used 40469K [0x0000000702a00000, 0x0000000800000000)
  region size 2048K, 3 young (6144K), 3 survivors (6144K)
 Metaspace       used 75321K, committed 76032K, reserved 1114112K
  class space    used 10733K, committed 11072K, reserved 1048576K
}
Event: 326.647 GC heap before
{Heap before GC invocations=38 (full 3):
 garbage-first heap   total 98304K, used 77333K [0x0000000702a00000, 0x0000000800000000)
  region size 2048K, 22 young (45056K), 3 survivors (6144K)
 Metaspace       used 75524K, committed 76224K, reserved 1114112K
  class space    used 10748K, committed 11072K, reserved 1048576K
}
Event: 326.655 GC heap after
{Heap after GC invocations=39 (full 3):
 garbage-first heap   total 98304K, used 43272K [0x0000000702a00000, 0x0000000800000000)
  region size 2048K, 3 young (6144K), 3 survivors (6144K)
 Metaspace       used 75524K, committed 76224K, reserved 1114112K
  class space    used 10748K, committed 11072K, reserved 1048576K
}
Event: 383.963 GC heap before
{Heap before GC invocations=39 (full 3):
 garbage-first heap   total 98304K, used 82184K [0x0000000702a00000, 0x0000000800000000)
  region size 2048K, 22 young (45056K), 3 survivors (6144K)
 Metaspace       used 75747K, committed 76480K, reserved 1179648K
  class space    used 10772K, committed 11136K, reserved 1048576K
}
Event: 383.966 GC heap after
{Heap after GC invocations=40 (full 3):
 garbage-first heap   total 98304K, used 42716K [0x0000000702a00000, 0x0000000800000000)
  region size 2048K, 2 young (4096K), 2 survivors (4096K)
 Metaspace       used 75747K, committed 76480K, reserved 1179648K
  class space    used 10772K, committed 11136K, reserved 1048576K
}
Event: 460.540 GC heap before
{Heap before GC invocations=41 (full 3):
 garbage-first heap   total 98304K, used 57052K [0x0000000702a00000, 0x0000000800000000)
  region size 2048K, 10 young (20480K), 2 survivors (4096K)
 Metaspace       used 75864K, committed 76608K, reserved 1179648K
  class space    used 10776K, committed 11136K, reserved 1048576K
}

